{
  "stats": {
    "suites": 1,
    "tests": 11,
    "passes": 9,
    "pending": 0,
    "failures": 2,
    "start": "2025-08-22T18:32:05.507Z",
    "end": "2025-08-22T18:34:03.046Z",
    "duration": 117539,
    "testsRegistered": 25,
    "passPercent": 36,
    "pendingPercent": 0,
    "other": 0,
    "hasOther": false,
    "skipped": 14,
    "hasSkipped": true
  },
  "results": [
    {
      "uuid": "e316466a-ee94-4ab6-a44c-f22b5da3fc8a",
      "title": "",
      "fullFile": "cypress\\e2e\\Dashboard\\dashboardTests.cy.js",
      "file": "cypress\\e2e\\Dashboard\\dashboardTests.cy.js",
      "beforeHooks": [],
      "afterHooks": [],
      "tests": [],
      "suites": [
        {
          "uuid": "f71cde5d-68dc-4216-8e52-aeab9fd594c6",
          "title": "Dashboard Page Tests - POM",
          "fullFile": "",
          "file": "",
          "beforeHooks": [],
          "afterHooks": [],
          "tests": [
            {
              "title": "TC01 - Verify Dashboard page loads successfully",
              "fullTitle": "Dashboard Page Tests - POM TC01 - Verify Dashboard page loads successfully",
              "timedOut": null,
              "duration": 9686,
              "state": "passed",
              "speed": "medium",
              "pass": true,
              "fail": false,
              "pending": false,
              "context": null,
              "code": "_DashboardPage.default.verifyDashboardVisible();",
              "err": {},
              "uuid": "83383fcd-7288-4bb6-9313-deb209799398",
              "parentUUID": "f71cde5d-68dc-4216-8e52-aeab9fd594c6",
              "isHook": false,
              "skipped": false
            },
            {
              "title": "TC02 - Verify Student Name is displayed",
              "fullTitle": "Dashboard Page Tests - POM TC02 - Verify Student Name is displayed",
              "timedOut": null,
              "duration": 2380,
              "state": "passed",
              "speed": "fast",
              "pass": true,
              "fail": false,
              "pending": false,
              "context": null,
              "code": "_DashboardPage.default.getStudentName().invoke(\"text\").then(text => {\n  expect(text.toLowerCase()).to.include(user.studentName.toLowerCase());\n});",
              "err": {},
              "uuid": "8bec9a80-91b8-4519-b6c0-eb9a8785f6c6",
              "parentUUID": "f71cde5d-68dc-4216-8e52-aeab9fd594c6",
              "isHook": false,
              "skipped": false
            },
            {
              "title": "TC03 - Verify Sidebar Navigation",
              "fullTitle": "Dashboard Page Tests - POM TC03 - Verify Sidebar Navigation",
              "timedOut": null,
              "duration": 2378,
              "state": "passed",
              "speed": "fast",
              "pass": true,
              "fail": false,
              "pending": false,
              "context": null,
              "code": "const menuItems = [\"HOME\", \"PROCTORSHIP\", \"FEE\", \"CALENDAR OF EVENTS\", \"TIME TABLE\", \"EXAM HISTORY\", \"PLACEMENT\", \"FEEDBACK\", \"BACKLOG REGISTRATION\", \"OTHER LINKS\"];\n_DashboardPage.default.verifySidebar(menuItems);",
              "err": {},
              "uuid": "8080fee8-674c-46f2-bd03-7f0d264766fd",
              "parentUUID": "f71cde5d-68dc-4216-8e52-aeab9fd594c6",
              "isHook": false,
              "skipped": false
            },
            {
              "title": "TC04 - Verify Credits Earned",
              "fullTitle": "Dashboard Page Tests - POM TC04 - Verify Credits Earned",
              "timedOut": null,
              "duration": 3086,
              "state": "passed",
              "speed": "fast",
              "pass": true,
              "fail": false,
              "pending": false,
              "context": null,
              "code": "_DashboardPage.default.verifyCredits(user.credits);",
              "err": {},
              "uuid": "8920defa-2293-4e2a-8f18-c987811596fb",
              "parentUUID": "f71cde5d-68dc-4216-8e52-aeab9fd594c6",
              "isHook": false,
              "skipped": false
            },
            {
              "title": "TC05 - Verify Logout Functionality",
              "fullTitle": "Dashboard Page Tests - POM TC05 - Verify Logout Functionality",
              "timedOut": null,
              "duration": 3271,
              "state": "passed",
              "speed": "fast",
              "pass": true,
              "fail": false,
              "pending": false,
              "context": null,
              "code": "_DashboardPage.default.logout();\ncy.url().should(\"include\", \"index.php\");",
              "err": {},
              "uuid": "e73b77dd-a600-4df7-99cd-50acba545e3f",
              "parentUUID": "f71cde5d-68dc-4216-8e52-aeab9fd594c6",
              "isHook": false,
              "skipped": false
            },
            {
              "title": "TC06 - Verify Fees Status",
              "fullTitle": "Dashboard Page Tests - POM TC06 - Verify Fees Status",
              "timedOut": null,
              "duration": 2945,
              "state": "passed",
              "speed": "fast",
              "pass": true,
              "fail": false,
              "pending": false,
              "context": null,
              "code": "_DashboardPage.default.verifyFees(user.feesStatus);",
              "err": {},
              "uuid": "6e2b0206-f975-4300-8d92-8a5901a0f7e5",
              "parentUUID": "f71cde5d-68dc-4216-8e52-aeab9fd594c6",
              "isHook": false,
              "skipped": false
            },
            {
              "title": "TC07 - Verify Mentor Information",
              "fullTitle": "Dashboard Page Tests - POM TC07 - Verify Mentor Information",
              "timedOut": null,
              "duration": 2312,
              "state": "passed",
              "speed": "fast",
              "pass": true,
              "fail": false,
              "pending": false,
              "context": null,
              "code": "_DashboardPage.default.verifyMentor(user.mentorName);\nif (user.mentorEmail) {\n  _DashboardPage.default.verifyMentorEmail(user.mentorEmail);\n}",
              "err": {},
              "uuid": "1e3a56e2-3e83-4241-a0fd-1d887d1d0836",
              "parentUUID": "f71cde5d-68dc-4216-8e52-aeab9fd594c6",
              "isHook": false,
              "skipped": false
            },
            {
              "title": "TC08 - Verify Attendance Table is displayed",
              "fullTitle": "Dashboard Page Tests - POM TC08 - Verify Attendance Table is displayed",
              "timedOut": null,
              "duration": 2736,
              "state": "passed",
              "speed": "fast",
              "pass": true,
              "fail": false,
              "pending": false,
              "context": null,
              "code": "_DashboardPage.default.verifyAttendanceTable();",
              "err": {},
              "uuid": "2b1c730e-07a3-424c-97d1-50b68b7d3b0f",
              "parentUUID": "f71cde5d-68dc-4216-8e52-aeab9fd594c6",
              "isHook": false,
              "skipped": false
            },
            {
              "title": "TC09 - Verify Calendar of Events is clickable",
              "fullTitle": "Dashboard Page Tests - POM TC09 - Verify Calendar of Events is clickable",
              "timedOut": null,
              "duration": 3053,
              "state": "passed",
              "speed": "fast",
              "pass": true,
              "fail": false,
              "pending": false,
              "context": null,
              "code": "cy.contains(/calendar\\s*of\\s*events/i, {\n  timeout: 15000\n}) // case-insensitive, ignores spacing\n.closest(\"a\") // ensure we climb to the anchor element\n.should(\"be.visible\").click();\ncy.url().should(\"match\", /calend[ae]rdisplay/i);",
              "err": {},
              "uuid": "17c6c507-172e-485a-ba17-f3d8e3f704bf",
              "parentUUID": "f71cde5d-68dc-4216-8e52-aeab9fd594c6",
              "isHook": false,
              "skipped": false
            },
            {
              "title": "TC10 - Verify Time Table is clickable",
              "fullTitle": "Dashboard Page Tests - POM TC10 - Verify Time Table is clickable",
              "timedOut": null,
              "duration": 63041,
              "state": "failed",
              "speed": null,
              "pass": false,
              "fail": true,
              "pending": false,
              "context": null,
              "code": "cy.contains(\"a\", /time\\s*table/i) // case-insensitive & allows space variations\n.should(\"be.visible\").click();\n// Adjust the URL check based on actual backend route\ncy.url().should(\"include\", \"timetable\");",
              "err": {
                "message": "CypressError: Timed out after waiting `60000ms` for your remote page to load.\n\nYour page did not fire its `load` event within `60000ms`.\n\nYou can try increasing the `pageLoadTimeout` value in `cypress.config.js` to wait longer.\n\nBrowsers will not fire the `load` event until all stylesheets and scripts are done downloading.\n\nWhen this `load` event occurs, Cypress will continue running commands.",
                "estack": "CypressError: Timed out after waiting `60000ms` for your remote page to load.\n\nYour page did not fire its `load` event within `60000ms`.\n\nYou can try increasing the `pageLoadTimeout` value in `cypress.config.js` to wait longer.\n\nBrowsers will not fire the `load` event until all stylesheets and scripts are done downloading.\n\nWhen this `load` event occurs, Cypress will continue running commands.\n    at timedOutWaitingForPageLoad (https://parents.kletech.ac.in/__cypress/runner/cypress_runner.js:134221:64)\n    at <unknown> (https://parents.kletech.ac.in/__cypress/runner/cypress_runner.js:134537:16)\n    at tryCatcher (https://parents.kletech.ac.in/__cypress/runner/cypress_runner.js:1777:23)\n    at <unknown> (https://parents.kletech.ac.in/__cypress/runner/cypress_runner.js:4156:41)\n    at tryCatcher (https://parents.kletech.ac.in/__cypress/runner/cypress_runner.js:1777:23)\n    at Promise._settlePromiseFromHandler (https://parents.kletech.ac.in/__cypress/runner/cypress_runner.js:1489:31)\n    at Promise._settlePromise (https://parents.kletech.ac.in/__cypress/runner/cypress_runner.js:1546:18)\n    at Promise._settlePromise0 (https://parents.kletech.ac.in/__cypress/runner/cypress_runner.js:1591:10)\n    at Promise._settlePromises (https://parents.kletech.ac.in/__cypress/runner/cypress_runner.js:1667:18)\n    at _drainQueueStep (https://parents.kletech.ac.in/__cypress/runner/cypress_runner.js:2377:12)\n    at _drainQueue (https://parents.kletech.ac.in/__cypress/runner/cypress_runner.js:2370:9)\n    at Async._drainQueues (https://parents.kletech.ac.in/__cypress/runner/cypress_runner.js:2386:5)\n    at Async.drainQueues (https://parents.kletech.ac.in/__cypress/runner/cypress_runner.js:2256:14)",
                "diff": null
              },
              "uuid": "c5436bcc-6533-4637-b527-5f39646d08cb",
              "parentUUID": "f71cde5d-68dc-4216-8e52-aeab9fd594c6",
              "isHook": false,
              "skipped": false
            },
            {
              "title": "TC11 - Verify Exam History Section",
              "fullTitle": "Dashboard Page Tests - POM TC11 - Verify Exam History Section",
              "timedOut": null,
              "duration": 21574,
              "state": "failed",
              "speed": null,
              "pass": false,
              "fail": true,
              "pending": false,
              "context": null,
              "code": "cy.contains(\"a\", /exam history/i).should(\"be.visible\").click();\n_DashboardPage.default.verifySectionVisible(\"Exam History\");",
              "err": {
                "message": "CypressError: `cy.visit()` failed trying to load:\n\nhttps://parents.kletech.ac.in/\n\nWe attempted to make an http request to this URL but the request failed without a response.\n\nWe received this error at the network level:\n\n  > Error: connect ETIMEDOUT 210.212.192.30:443\n\nCommon situations why this would fail:\n  - you don't have internet access\n  - you forgot to run / boot your web server\n  - your web server isn't accessible\n  - you have weird network configuration settings on your computer\n\nBecause this error occurred during a `before each` hook we are skipping the remaining tests in the current suite: `Dashboard Page Tests - POM`",
                "estack": "CypressError: `cy.visit()` failed trying to load:\n\nhttps://parents.kletech.ac.in/\n\nWe attempted to make an http request to this URL but the request failed without a response.\n\nWe received this error at the network level:\n\n  > Error: connect ETIMEDOUT 210.212.192.30:443\n\nCommon situations why this would fail:\n  - you don't have internet access\n  - you forgot to run / boot your web server\n  - your web server isn't accessible\n  - you have weird network configuration settings on your computer\n\nBecause this error occurred during a `before each` hook we are skipping the remaining tests in the current suite: `Dashboard Page Tests - POM`\n    at <unknown> (https://parents.kletech.ac.in/__cypress/runner/cypress_runner.js:135198:74)\n    at visitFailedByErr (https://parents.kletech.ac.in/__cypress/runner/cypress_runner.js:134588:12)\n    at <unknown> (https://parents.kletech.ac.in/__cypress/runner/cypress_runner.js:135197:11)\n    at tryCatcher (https://parents.kletech.ac.in/__cypress/runner/cypress_runner.js:1777:23)\n    at Promise._settlePromiseFromHandler (https://parents.kletech.ac.in/__cypress/runner/cypress_runner.js:1489:31)\n    at Promise._settlePromise (https://parents.kletech.ac.in/__cypress/runner/cypress_runner.js:1546:18)\n    at Promise._settlePromise0 (https://parents.kletech.ac.in/__cypress/runner/cypress_runner.js:1591:10)\n    at Promise._settlePromises (https://parents.kletech.ac.in/__cypress/runner/cypress_runner.js:1667:18)\n    at _drainQueueStep (https://parents.kletech.ac.in/__cypress/runner/cypress_runner.js:2377:12)\n    at _drainQueue (https://parents.kletech.ac.in/__cypress/runner/cypress_runner.js:2370:9)\n    at Async._drainQueues (https://parents.kletech.ac.in/__cypress/runner/cypress_runner.js:2386:5)\n    at Async.drainQueues (https://parents.kletech.ac.in/__cypress/runner/cypress_runner.js:2256:14)\nFrom Your Spec Code:\n    at LoginPage.visit (webpack:///./cypress/pageObjects/LoginPage.js:4:5)\n    at LoginPage.login (webpack:///./cypress/pageObjects/LoginPage.js:39:9)\n    at Context.eval (webpack:///./cypress/e2e/Dashboard/dashboardTests.cy.js:31:12)\n\nFrom Node.js Internals:\n  Error: connect ETIMEDOUT 210.212.192.30:443\n      at TCPConnectWrap.afterConnect [as oncomplete] (node:net:1611:16)",
                "diff": null
              },
              "uuid": "f2446f15-b31c-4583-8082-9b4693b1b575",
              "parentUUID": "f71cde5d-68dc-4216-8e52-aeab9fd594c6",
              "isHook": false,
              "skipped": false
            },
            {
              "title": "TC12 - Verify Placement Section",
              "fullTitle": "Dashboard Page Tests - POM TC12 - Verify Placement Section",
              "timedOut": null,
              "duration": 0,
              "state": "skipped",
              "speed": null,
              "pass": false,
              "fail": false,
              "pending": false,
              "context": null,
              "code": "cy.contains(\"a\", /placement/i).should(\"be.visible\").click();\n_DashboardPage.default.verifySectionVisible(\"Placement\");",
              "err": {},
              "uuid": "ba20b2aa-1d51-4d31-896a-0abc5bd2c283",
              "parentUUID": "f71cde5d-68dc-4216-8e52-aeab9fd594c6",
              "isHook": false,
              "skipped": true
            },
            {
              "title": "TC13 - Verify Feedback Section",
              "fullTitle": "Dashboard Page Tests - POM TC13 - Verify Feedback Section",
              "timedOut": null,
              "duration": 0,
              "state": "skipped",
              "speed": null,
              "pass": false,
              "fail": false,
              "pending": false,
              "context": null,
              "code": "cy.contains(\"a\", /feedback/i).should(\"be.visible\").click();\n_DashboardPage.default.verifySectionVisible(\"Feedback\");",
              "err": {},
              "uuid": "1a9eb4ac-9d81-4006-9dc9-b281c7d854a9",
              "parentUUID": "f71cde5d-68dc-4216-8e52-aeab9fd594c6",
              "isHook": false,
              "skipped": true
            },
            {
              "title": "TC14 - Verify Backlog Registration Section",
              "fullTitle": "Dashboard Page Tests - POM TC14 - Verify Backlog Registration Section",
              "timedOut": null,
              "duration": 0,
              "state": "skipped",
              "speed": null,
              "pass": false,
              "fail": false,
              "pending": false,
              "context": null,
              "code": "// Click Backlog Registration in the sidebar\ncy.contains(/backlog\\s*registration/i, {\n  timeout: 10000\n}).click({\n  force: true\n});\n// Wait for the page to load (check URL)\ncy.url().should(\"include\", \"backlogreg\");\n// Verify the portal closed message is displayed\ncy.contains(/Portal is closed!!! Please contact department Co-ordinator/i, {\n  timeout: 20000\n}).should(\"be.visible\");",
              "err": {},
              "uuid": "3f0f07c0-fcbe-4a8b-82d5-7f33ee966a58",
              "parentUUID": "f71cde5d-68dc-4216-8e52-aeab9fd594c6",
              "isHook": false,
              "skipped": true
            },
            {
              "title": "TC15 - Verify Other Links Section",
              "fullTitle": "Dashboard Page Tests - POM TC15 - Verify Other Links Section",
              "timedOut": null,
              "duration": 0,
              "state": "skipped",
              "speed": null,
              "pass": false,
              "fail": false,
              "pending": false,
              "context": null,
              "code": "cy.contains(/other\\s*links/i).click(); // works even if <div>, <span>, etc.\n_DashboardPage.default.verifySectionVisible(\"Other Links\");",
              "err": {},
              "uuid": "7720db62-41ba-44a7-ad75-7d3fd06d78ee",
              "parentUUID": "f71cde5d-68dc-4216-8e52-aeab9fd594c6",
              "isHook": false,
              "skipped": true
            },
            {
              "title": "TC16 - Verify Invalid Page URL Redirects",
              "fullTitle": "Dashboard Page Tests - POM TC16 - Verify Invalid Page URL Redirects",
              "timedOut": null,
              "duration": 0,
              "state": "skipped",
              "speed": null,
              "pass": false,
              "fail": false,
              "pending": false,
              "context": null,
              "code": "cy.visit(\"/invalid-page\", {\n  failOnStatusCode: false\n});\ncy.url().should(\"include\", \"parents.kletech.ac.in\");",
              "err": {},
              "uuid": "59dbcead-b5a9-41c6-b171-835371cfbba5",
              "parentUUID": "f71cde5d-68dc-4216-8e52-aeab9fd594c6",
              "isHook": false,
              "skipped": true
            },
            {
              "title": "TC17 - Verify Browser Refresh Keeps Session",
              "fullTitle": "Dashboard Page Tests - POM TC17 - Verify Browser Refresh Keeps Session",
              "timedOut": null,
              "duration": 0,
              "state": "skipped",
              "speed": null,
              "pass": false,
              "fail": false,
              "pending": false,
              "context": null,
              "code": "cy.reload();\n_DashboardPage.default.verifyDashboardVisible();",
              "err": {},
              "uuid": "2c4a14c4-6f10-4659-9536-e89bd840d2df",
              "parentUUID": "f71cde5d-68dc-4216-8e52-aeab9fd594c6",
              "isHook": false,
              "skipped": true
            },
            {
              "title": "TC18 - Verify Multiple Sidebar Clicks Don’t Break",
              "fullTitle": "Dashboard Page Tests - POM TC18 - Verify Multiple Sidebar Clicks Don’t Break",
              "timedOut": null,
              "duration": 0,
              "state": "skipped",
              "speed": null,
              "pass": false,
              "fail": false,
              "pending": false,
              "context": null,
              "code": "const menuItems = [/home/i, /proctorship/i, /fee/i];\nmenuItems.forEach(item => {\n  cy.contains(item, {\n    timeout: 15000\n  }).click({\n    force: true\n  });\n  // Wait for the URL to change (simple check)\n  cy.url().should(\"not.include\", \"chrome-error\");\n  // Wait for dashboard container to appear\n  cy.get(\".cn-box-layout\", {\n    timeout: 20000\n  }).should(\"be.visible\");\n});",
              "err": {},
              "uuid": "2eb9f9d8-9873-4546-8a8a-e5dfe96e722c",
              "parentUUID": "f71cde5d-68dc-4216-8e52-aeab9fd594c6",
              "isHook": false,
              "skipped": true
            },
            {
              "title": "TC19 - Direct access redirects to login",
              "fullTitle": "Dashboard Page Tests - POM TC19 - Direct access redirects to login",
              "timedOut": null,
              "duration": 0,
              "state": "skipped",
              "speed": null,
              "pass": false,
              "fail": false,
              "pending": false,
              "context": null,
              "code": "// Clear cookies and local storage to simulate no session\ncy.clearCookies();\ncy.clearLocalStorage();\n// Attempt direct access\ncy.visit(\"https://parents.kletech.ac.in/index.php?option=com_studentdashboard&controller=studentdashboard&task=dashboard\", {\n  failOnStatusCode: false\n});\n// Wait for redirect to login page\ncy.url({\n  timeout: 10000\n}).should(\"include\", \"index.php\");\n// Wait for username input to be visible\ncy.get(\"#username\", {\n  timeout: 20000\n}).should(\"be.visible\");",
              "err": {},
              "uuid": "cc13d9fe-82da-47a4-b76e-533a353951d6",
              "parentUUID": "f71cde5d-68dc-4216-8e52-aeab9fd594c6",
              "isHook": false,
              "skipped": true
            },
            {
              "title": "TC20 - Verify Session Timeout (Simulated)",
              "fullTitle": "Dashboard Page Tests - POM TC20 - Verify Session Timeout (Simulated)",
              "timedOut": null,
              "duration": 0,
              "state": "skipped",
              "speed": null,
              "pass": false,
              "fail": false,
              "pending": false,
              "context": null,
              "code": "// Clear all cookies and local storage to simulate session timeout\ncy.clearCookies();\ncy.clearLocalStorage();\n// Visit the actual dashboard URL\nconst dashboardUrl = \"https://parents.kletech.ac.in/index.php?option=com_studentdashboard&controller=studentdashboard&task=dashboard\";\ncy.visit(dashboardUrl, {\n  failOnStatusCode: false\n});\n// Assert redirect to login page\ncy.url({\n  timeout: 10000\n}).should(\"include\", \"index.php\");\n// Wait for login form to appear\ncy.get(\"#username\", {\n  timeout: 20000\n}).should(\"be.visible\");",
              "err": {},
              "uuid": "98499483-918c-4940-b63d-3c4fd3e07df7",
              "parentUUID": "f71cde5d-68dc-4216-8e52-aeab9fd594c6",
              "isHook": false,
              "skipped": true
            },
            {
              "title": "TC21 - Verify Page Title",
              "fullTitle": "Dashboard Page Tests - POM TC21 - Verify Page Title",
              "timedOut": null,
              "duration": 0,
              "state": "skipped",
              "speed": null,
              "pass": false,
              "fail": false,
              "pending": false,
              "context": null,
              "code": "cy.title().should(\"eq\", \"Contineo - Bringing Happiness to work and study places!\");",
              "err": {},
              "uuid": "2b457d83-beb8-4d2e-871e-240d66a51dcd",
              "parentUUID": "f71cde5d-68dc-4216-8e52-aeab9fd594c6",
              "isHook": false,
              "skipped": true
            },
            {
              "title": "TC22 - Verify Student USN Displayed",
              "fullTitle": "Dashboard Page Tests - POM TC22 - Verify Student USN Displayed",
              "timedOut": null,
              "duration": 0,
              "state": "skipped",
              "speed": null,
              "pass": false,
              "fail": false,
              "pending": false,
              "context": null,
              "code": "cy.contains(user.usn).should(\"be.visible\");",
              "err": {},
              "uuid": "289dd7fa-fa01-4ba6-a39c-b49e674afd7f",
              "parentUUID": "f71cde5d-68dc-4216-8e52-aeab9fd594c6",
              "isHook": false,
              "skipped": true
            },
            {
              "title": "TC23 - Verify Dashboard Tables Load",
              "fullTitle": "Dashboard Page Tests - POM TC23 - Verify Dashboard Tables Load",
              "timedOut": null,
              "duration": 0,
              "state": "skipped",
              "speed": null,
              "pass": false,
              "fail": false,
              "pending": false,
              "context": null,
              "code": "cy.get(\"table\").should(\"have.length.at.least\", 1);",
              "err": {},
              "uuid": "fe9da9b7-2aa4-416c-b6ba-75615e590aa7",
              "parentUUID": "f71cde5d-68dc-4216-8e52-aeab9fd594c6",
              "isHook": false,
              "skipped": true
            },
            {
              "title": "TC24 - Verify Contact/Support Link",
              "fullTitle": "Dashboard Page Tests - POM TC24 - Verify Contact/Support Link",
              "timedOut": null,
              "duration": 0,
              "state": "skipped",
              "speed": null,
              "pass": false,
              "fail": false,
              "pending": false,
              "context": null,
              "code": "cy.contains(/other links/i).click({\n  force: true\n});\ncy.contains(/contact/i, {\n  timeout: 20000\n}).then($el => {\n  const link = $el.closest(\"a\");\n  if (link.length) {\n    cy.wrap(link).should(\"have.attr\", \"href\");\n  } else {\n    cy.log(\"Contact element is not a link, skipping href check\");\n  }\n});",
              "err": {},
              "uuid": "57458fbb-2628-41ab-8421-32fa611a836b",
              "parentUUID": "f71cde5d-68dc-4216-8e52-aeab9fd594c6",
              "isHook": false,
              "skipped": true
            },
            {
              "title": "TC25 - Verify Logout Redirects to Login Page",
              "fullTitle": "Dashboard Page Tests - POM TC25 - Verify Logout Redirects to Login Page",
              "timedOut": null,
              "duration": 0,
              "state": "skipped",
              "speed": null,
              "pass": false,
              "fail": false,
              "pending": false,
              "context": null,
              "code": "_DashboardPage.default.logout();\ncy.url().should(\"include\", \"index.php\");",
              "err": {},
              "uuid": "725c629d-a3b5-481b-8df9-972bcbc833a8",
              "parentUUID": "f71cde5d-68dc-4216-8e52-aeab9fd594c6",
              "isHook": false,
              "skipped": true
            }
          ],
          "suites": [],
          "passes": [
            "83383fcd-7288-4bb6-9313-deb209799398",
            "8bec9a80-91b8-4519-b6c0-eb9a8785f6c6",
            "8080fee8-674c-46f2-bd03-7f0d264766fd",
            "8920defa-2293-4e2a-8f18-c987811596fb",
            "e73b77dd-a600-4df7-99cd-50acba545e3f",
            "6e2b0206-f975-4300-8d92-8a5901a0f7e5",
            "1e3a56e2-3e83-4241-a0fd-1d887d1d0836",
            "2b1c730e-07a3-424c-97d1-50b68b7d3b0f",
            "17c6c507-172e-485a-ba17-f3d8e3f704bf"
          ],
          "failures": [
            "c5436bcc-6533-4637-b527-5f39646d08cb",
            "f2446f15-b31c-4583-8082-9b4693b1b575"
          ],
          "pending": [],
          "skipped": [
            "ba20b2aa-1d51-4d31-896a-0abc5bd2c283",
            "1a9eb4ac-9d81-4006-9dc9-b281c7d854a9",
            "3f0f07c0-fcbe-4a8b-82d5-7f33ee966a58",
            "7720db62-41ba-44a7-ad75-7d3fd06d78ee",
            "59dbcead-b5a9-41c6-b171-835371cfbba5",
            "2c4a14c4-6f10-4659-9536-e89bd840d2df",
            "2eb9f9d8-9873-4546-8a8a-e5dfe96e722c",
            "cc13d9fe-82da-47a4-b76e-533a353951d6",
            "98499483-918c-4940-b63d-3c4fd3e07df7",
            "2b457d83-beb8-4d2e-871e-240d66a51dcd",
            "289dd7fa-fa01-4ba6-a39c-b49e674afd7f",
            "fe9da9b7-2aa4-416c-b6ba-75615e590aa7",
            "57458fbb-2628-41ab-8421-32fa611a836b",
            "725c629d-a3b5-481b-8df9-972bcbc833a8"
          ],
          "duration": 116462,
          "root": false,
          "rootEmpty": false,
          "_timeout": 2000
        }
      ],
      "passes": [],
      "failures": [],
      "pending": [],
      "skipped": [],
      "duration": 0,
      "root": true,
      "rootEmpty": true,
      "_timeout": 2000
    }
  ],
  "meta": {
    "mocha": {
      "version": "7.2.0"
    },
    "mochawesome": {
      "options": {
        "quiet": false,
        "reportFilename": "mochawesome",
        "saveHtml": true,
        "saveJson": true,
        "consoleReporter": "spec",
        "useInlineDiffs": false,
        "code": true
      },
      "version": "7.1.3"
    },
    "marge": {
      "options": {
        "reportDir": "cypress/reports/html",
        "overwrite": false,
        "html": true,
        "json": true,
        "charts": true,
        "embeddedScreenshots": true,
        "saveAllAttempts": true
      },
      "version": "6.2.0"
    }
  }
}